<?xml version="1.0" encoding="UTF-8"?>
<testsuite name="testCases.LoginTodoLy" tests="1" skipped="0" failures="0" errors="0" timestamp="2021-09-04T16:16:32" hostname="DESKTOP-LPG622Q" time="58.959">
  <properties/>
  <testcase name="verifyTheLogin()" classname="testCases.LoginTodoLy" time="58.959"/>
  <system-out><![CDATA[]]></system-out>
  <system-err><![CDATA[Sep 04, 2021 11:16:32 AM org.openqa.selenium.remote.DesiredCapabilities chrome
INFO: Using `new ChromeOptions()` is preferred to `DesiredCapabilities.chrome()`
Starting ChromeDriver 93.0.4577.15 (660fc11082ba57405eca2e8c49c3e1af756fbfae-refs/branch-heads/4577@{#203}) on port 49032
Only local connections are allowed.
Please see https://chromedriver.chromium.org/security-considerations for suggestions on keeping ChromeDriver safe.
ChromeDriver was started successfully.
Sep 04, 2021 11:16:43 AM org.openqa.selenium.remote.ProtocolHandshake createSession
INFO: Detected dialect: W3C
]]></system-err>
</testsuite>
